<?xml version="1.0" encoding="UTF-8"?>
<!-- Generated by org.testng.reporters.JUnitReportReporter -->
<testsuite hostname="LIN51010419" failures="0" tests="1" name="cucumberTest.san_testrunner" time="111.678" errors="0" timestamp="2021-01-12T16:02:01 IST" skipped="0">
  <testcase classname="cucumberTest.san_testrunner" name="feature" time="111.678"/>
  <system-out/>
</testsuite> <!-- cucumberTest.san_testrunner -->
