<?xml version="1.0" encoding="UTF-8"?>
<!-- Generated by org.testng.reporters.JUnitReportReporter -->
<testsuite hostname="LIN51010419" failures="0" tests="1" name="cucumberTest.san_testrunner" time="99.710" errors="0" timestamp="2021-01-13T11:02:02 IST" skipped="0">
  <testcase classname="cucumberTest.san_testrunner" name="feature" time="99.710"/>
  <system-out/>
</testsuite> <!-- cucumberTest.san_testrunner -->
